Determining if the pthread_create exist failed with the following output:
Change Dir: /home/pc-proyecto/Manipulacion/catkin_ws/build/vision_msgs/CMakeFiles/CMakeTmp

Run Build Command:"/usr/bin/make" "cmTC_4ea77/fast"
/usr/bin/make -f CMakeFiles/cmTC_4ea77.dir/build.make CMakeFiles/cmTC_4ea77.dir/build
make[1]: se entra en el directorio '/home/pc-proyecto/Manipulacion/catkin_ws/build/vision_msgs/CMakeFiles/CMakeTmp'
Building C object CMakeFiles/cmTC_4ea77.dir/CheckSymbolExists.c.o
/usr/bin/cc    -o CMakeFiles/cmTC_4ea77.dir/CheckSymbolExists.c.o   -c /home/pc-proyecto/Manipulacion/catkin_ws/build/vision_msgs/CMakeFiles/CMakeTmp/CheckSymbolExists.c
Linking C executable cmTC_4ea77
/usr/bin/cmake -E cmake_link_script CMakeFiles/cmTC_4ea77.dir/link.txt --verbose=1
/usr/bin/cc      -rdynamic CMakeFiles/cmTC_4ea77.dir/CheckSymbolExists.c.o  -o cmTC_4ea77 
CMakeFiles/cmTC_4ea77.dir/CheckSymbolExists.c.o: En la funci√≥n `main':
CheckSymbolExists.c:(.text+0x1b): referencia a `pthread_create' sin definir
collect2: error: ld returned 1 exit status
CMakeFiles/cmTC_4ea77.dir/build.make:97: fallo en las instrucciones para el objetivo 'cmTC_4ea77'
make[1]: *** [cmTC_4ea77] Error 1
make[1]: se sale del directorio '/home/pc-proyecto/Manipulacion/catkin_ws/build/vision_msgs/CMakeFiles/CMakeTmp'
Makefile:126: fallo en las instrucciones para el objetivo 'cmTC_4ea77/fast'
make: *** [cmTC_4ea77/fast] Error 2

File /home/pc-proyecto/Manipulacion/catkin_ws/build/vision_msgs/CMakeFiles/CMakeTmp/CheckSymbolExists.c:
/* */
#include <pthread.h>

int main(int argc, char** argv)
{
  (void)argv;
#ifndef pthread_create
  return ((int*)(&pthread_create))[argc];
#else
  (void)argc;
  return 0;
#endif
}

Determining if the function pthread_create exists in the pthreads failed with the following output:
Change Dir: /home/pc-proyecto/Manipulacion/catkin_ws/build/vision_msgs/CMakeFiles/CMakeTmp

Run Build Command:"/usr/bin/make" "cmTC_626f9/fast"
/usr/bin/make -f CMakeFiles/cmTC_626f9.dir/build.make CMakeFiles/cmTC_626f9.dir/build
make[1]: se entra en el directorio '/home/pc-proyecto/Manipulacion/catkin_ws/build/vision_msgs/CMakeFiles/CMakeTmp'
Building C object CMakeFiles/cmTC_626f9.dir/CheckFunctionExists.c.o
/usr/bin/cc   -DCHECK_FUNCTION_EXISTS=pthread_create   -o CMakeFiles/cmTC_626f9.dir/CheckFunctionExists.c.o   -c /usr/share/cmake-3.10/Modules/CheckFunctionExists.c
Linking C executable cmTC_626f9
/usr/bin/cmake -E cmake_link_script CMakeFiles/cmTC_626f9.dir/link.txt --verbose=1
/usr/bin/cc  -DCHECK_FUNCTION_EXISTS=pthread_create    -rdynamic CMakeFiles/cmTC_626f9.dir/CheckFunctionExists.c.o  -o cmTC_626f9 -lpthreads 
/usr/bin/ld: no se puede encontrar -lpthreads
collect2: error: ld returned 1 exit status
CMakeFiles/cmTC_626f9.dir/build.make:97: fallo en las instrucciones para el objetivo 'cmTC_626f9'
make[1]: *** [cmTC_626f9] Error 1
make[1]: se sale del directorio '/home/pc-proyecto/Manipulacion/catkin_ws/build/vision_msgs/CMakeFiles/CMakeTmp'
Makefile:126: fallo en las instrucciones para el objetivo 'cmTC_626f9/fast'
make: *** [cmTC_626f9/fast] Error 2


